2023-04-20 20:02:22 - __main__ - INFO - Starting main.py
2023-04-20 20:02:22 - __main__ - INFO - Setting up slcm_login
2023-04-20 20:02:24 - __main__ - INFO - Browser launched
2023-04-20 20:02:25 - __main__ - INFO - New page opened
2023-04-20 20:02:27 - __main__ - INFO - Captcha url: GenerateCaptcha.aspx?638176177448135521
2023-04-20 20:05:49 - __main__ - INFO - Starting main.py
2023-04-20 20:05:49 - __main__ - INFO - Setting up slcm_login
2023-04-20 20:05:52 - __main__ - INFO - Browser launched
2023-04-20 20:05:53 - __main__ - INFO - New page opened
2023-04-20 20:05:56 - __main__ - INFO - Captcha url: GenerateCaptcha.aspx?638176179532817019
2023-04-20 20:07:58 - __main__ - INFO - Starting main.py
2023-04-20 20:07:58 - __main__ - INFO - Setting up slcm_login
2023-04-20 20:08:01 - __main__ - INFO - Browser launched
2023-04-20 20:08:02 - __main__ - INFO - New page opened
2023-04-20 20:08:09 - __main__ - INFO - Captcha url: GenerateCaptcha.aspx?638176180864729960
2023-04-20 20:08:31 - __main__ - INFO - Starting main.py
2023-04-20 20:08:31 - __main__ - INFO - Setting up slcm_login
2023-04-20 20:08:34 - __main__ - INFO - Browser launched
2023-04-20 20:08:35 - __main__ - INFO - New page opened
2023-04-20 20:08:42 - __main__ - INFO - Captcha url: GenerateCaptcha.aspx?638176181183795048
2023-04-20 20:12:21 - __main__ - INFO - Starting main.py
2023-04-20 20:12:21 - __main__ - INFO - Setting up slcm_login
2023-04-20 20:12:24 - __main__ - INFO - Browser launched
2023-04-20 20:12:24 - __main__ - INFO - New page opened
2023-04-20 20:12:28 - __main__ - INFO - Captcha url: GenerateCaptcha.aspx?638176183428546372
2023-04-20 20:15:25 - __main__ - INFO - Starting main.py
2023-04-20 20:15:25 - __main__ - INFO - Setting up slcm_login
2023-04-20 20:15:28 - __main__ - INFO - Browser launched
2023-04-20 20:15:28 - __main__ - INFO - New page opened
2023-04-20 20:15:52 - __main__ - INFO - Starting main.py
2023-04-20 20:15:52 - __main__ - INFO - Setting up slcm_login
2023-04-20 20:15:54 - __main__ - INFO - Browser launched
2023-04-20 20:15:55 - __main__ - INFO - New page opened
2023-04-20 20:16:06 - __main__ - INFO - Captcha url: GenerateCaptcha.aspx?638176185649680377
2023-04-20 20:16:24 - __main__ - INFO - Starting main.py
2023-04-20 20:16:24 - __main__ - INFO - Setting up slcm_login
2023-04-20 20:16:26 - __main__ - INFO - Browser launched
2023-04-20 20:16:27 - __main__ - INFO - New page opened
2023-04-20 20:16:32 - __main__ - INFO - Captcha url: GenerateCaptcha.aspx?638176185908501527
2023-04-20 20:16:33 - __main__ - INFO - Captcha saved
2023-04-20 20:18:30 - __main__ - INFO - Starting main.py
2023-04-20 20:18:30 - __main__ - INFO - Setting up slcm_login
2023-04-20 20:18:33 - __main__ - INFO - Browser launched
2023-04-20 20:18:34 - __main__ - INFO - New page opened
2023-04-20 20:18:40 - __main__ - INFO - Captcha url: GenerateCaptcha.aspx?638176187186083310
2023-04-20 20:18:41 - __main__ - INFO - Captcha saved
2023-04-20 20:19:06 - __main__ - INFO - Starting main.py
2023-04-20 20:19:06 - __main__ - INFO - Setting up slcm_login
2023-04-20 20:19:09 - __main__ - INFO - Browser launched
2023-04-20 20:19:09 - __main__ - INFO - New page opened
2023-04-20 20:19:11 - __main__ - INFO - Captcha url: GenerateCaptcha.aspx?638176187492156365
2023-04-20 20:19:11 - __main__ - INFO - Captcha saved
2023-04-20 20:19:50 - __main__ - INFO - Starting main.py
2023-04-20 20:19:50 - __main__ - INFO - Setting up slcm_login
2023-04-20 20:19:53 - __main__ - INFO - Browser launched
2023-04-20 20:19:54 - __main__ - INFO - New page opened
2023-04-20 20:20:00 - __main__ - INFO - Captcha url: GenerateCaptcha.aspx?638176187984339115
2023-04-20 20:20:01 - __main__ - INFO - Captcha saved
2023-04-20 20:20:55 - __main__ - INFO - Starting main.py
2023-04-20 20:20:55 - __main__ - INFO - Setting up slcm_login
2023-04-20 20:20:58 - __main__ - INFO - Browser launched
2023-04-20 20:20:59 - __main__ - INFO - New page opened
2023-04-20 20:21:01 - __main__ - INFO - Captcha url: GenerateCaptcha.aspx?638176188586489842
2023-04-20 20:21:02 - __main__ - INFO - Captcha saved
2023-04-20 20:21:53 - __main__ - INFO - Starting main.py
2023-04-20 20:21:53 - __main__ - INFO - Setting up slcm_login
2023-04-20 20:21:57 - __main__ - INFO - Browser launched
2023-04-20 20:21:58 - __main__ - INFO - New page opened
2023-04-20 20:22:37 - __main__ - INFO - Starting main.py
2023-04-20 20:22:37 - __main__ - INFO - Setting up slcm_login
2023-04-20 20:22:41 - __main__ - INFO - Browser launched
2023-04-20 20:22:42 - __main__ - INFO - New page opened
2023-04-20 20:22:47 - __main__ - INFO - Captcha url: GenerateCaptcha.aspx?638176189650053232
2023-04-20 20:22:48 - __main__ - INFO - Captcha saved
2023-04-20 20:23:04 - __main__ - INFO - captcha decoded
2023-04-20 20:25:38 - __main__ - INFO - Starting main.py
2023-04-20 20:25:38 - __main__ - INFO - Setting up slcm_login
2023-04-20 20:25:42 - __main__ - INFO - Browser launched
2023-04-20 20:25:43 - __main__ - INFO - New page opened
2023-04-20 20:25:49 - __main__ - INFO - Captcha url: GenerateCaptcha.aspx?638176191463809733
2023-04-20 20:25:50 - __main__ - INFO - Captcha saved
2023-04-20 20:26:03 - __main__ - INFO - captcha decoded
2023-04-20 20:26:03 - __main__ - INFO - 119
2023-04-20 20:26:59 - __main__ - INFO - Starting main.py
2023-04-20 20:26:59 - __main__ - INFO - Setting up slcm_login
2023-04-20 20:27:02 - __main__ - INFO - Browser launched
2023-04-20 20:27:03 - __main__ - INFO - New page opened
2023-04-20 20:27:11 - __main__ - INFO - Captcha url: GenerateCaptcha.aspx?638176192276321964
2023-04-20 20:27:12 - __main__ - INFO - Captcha saved
2023-04-20 20:27:27 - __main__ - INFO - captcha decoded
2023-04-20 20:27:27 - __main__ - INFO - 463
2023-04-20 20:28:08 - __main__ - INFO - Starting main.py
2023-04-20 20:28:08 - __main__ - INFO - Setting up slcm_login
2023-04-20 20:28:12 - __main__ - INFO - Browser launched
2023-04-20 20:28:13 - __main__ - INFO - New page opened
2023-04-20 20:28:20 - __main__ - INFO - Captcha url: GenerateCaptcha.aspx?638176192955540593
2023-04-20 20:28:21 - __main__ - INFO - Captcha saved
2023-04-20 20:28:36 - __main__ - INFO - captcha decoded
2023-04-20 20:28:36 - __main__ - INFO - 373
2023-04-20 20:30:12 - __main__ - INFO - Starting main.py
2023-04-20 20:30:12 - __main__ - INFO - Setting up slcm_login
2023-04-20 20:30:16 - __main__ - INFO - Browser launched
2023-04-20 20:30:16 - __main__ - INFO - New page opened
2023-04-20 20:30:19 - __main__ - INFO - Captcha url: GenerateCaptcha.aspx?638176194191357645
2023-04-20 20:30:20 - __main__ - INFO - Captcha saved
2023-04-20 20:30:34 - __main__ - INFO - captcha decoded
2023-04-20 20:30:34 - __main__ - INFO - 643
